app/build/intermediates/manifest_merge_blame_file/release/manifest-merger-blame-release-report.txt
1<?xml version="1.0" encoding="utf-8"?>
2<manifest xmlns:android="http://schemas.android.com/apk/res/android"
3    package="com.stcodesapp.noteit"
4    android:versionCode="19"
5    android:versionName="1.0" >
6
7    <uses-sdk
8        android:minSdkVersion="21"
8-->src/main/AndroidManifest.xml
9        android:targetSdkVersion="28" />
9-->src/main/AndroidManifest.xml
10
11    <uses-feature
11-->src/main/AndroidManifest.xml:6:5-97
12        android:name="android.hardware.camera"
12-->src/main/AndroidManifest.xml:6:19-57
13        android:required="true" />
13-->src/main/AndroidManifest.xml:6:58-81
14
15    <uses-permission android:name="android.permission.READ_EXTERNAL_STORAGE" />
15-->src/main/AndroidManifest.xml:7:5-80
15-->src/main/AndroidManifest.xml:7:22-77
16    <uses-permission android:name="android.permission.WRITE_EXTERNAL_STORAGE" />
16-->src/main/AndroidManifest.xml:8:5-81
16-->src/main/AndroidManifest.xml:8:22-78
17    <uses-permission android:name="android.permission.WRITE_INTERNAL_STORAGE" />
17-->src/main/AndroidManifest.xml:9:5-81
17-->src/main/AndroidManifest.xml:9:22-78
18    <uses-permission android:name="android.permission.READ_CONTACTS" />
18-->src/main/AndroidManifest.xml:10:5-72
18-->src/main/AndroidManifest.xml:10:22-69
19    <uses-permission android:name="android.permission.CALL_PHONE" />
19-->src/main/AndroidManifest.xml:11:5-69
19-->src/main/AndroidManifest.xml:11:22-66
20    <uses-permission android:name="android.permission.INTERNET" />
20-->src/main/AndroidManifest.xml:12:5-67
20-->src/main/AndroidManifest.xml:12:22-64
21    <uses-permission android:name="android.permission.CAMERA" />
21-->src/main/AndroidManifest.xml:13:5-65
21-->src/main/AndroidManifest.xml:13:22-62
22    <uses-permission android:name="com.android.vending.BILLING" />
22-->src/main/AndroidManifest.xml:14:5-66
22-->src/main/AndroidManifest.xml:14:22-64
23    <uses-permission android:name="android.permission.ACCESS_NETWORK_STATE" />
23-->[com.google.android.gms:play-services-ads-lite:15.0.0] AndroidManifest.xml:24:5-79
23-->[com.google.android.gms:play-services-ads-lite:15.0.0] AndroidManifest.xml:24:22-76
24    <uses-permission android:name="android.permission.WAKE_LOCK" />
24-->[com.google.firebase:firebase-measurement-connector-impl:17.0.5] AndroidManifest.xml:24:5-68
24-->[com.google.firebase:firebase-measurement-connector-impl:17.0.5] AndroidManifest.xml:24:22-65
25    <uses-permission android:name="com.google.android.finsky.permission.BIND_GET_INSTALL_REFERRER_SERVICE" /> <!-- Required by older versions of Google Play services to create IID tokens -->
25-->[com.google.firebase:firebase-analytics:16.3.0] AndroidManifest.xml:26:5-110
25-->[com.google.firebase:firebase-analytics:16.3.0] AndroidManifest.xml:26:22-107
26    <uses-permission android:name="com.google.android.c2dm.permission.RECEIVE" />
26-->[com.google.firebase:firebase-iid:17.0.3] AndroidManifest.xml:26:5-82
26-->[com.google.firebase:firebase-iid:17.0.3] AndroidManifest.xml:26:22-79
27
28    <application
28-->src/main/AndroidManifest.xml:16:5-76:19
29        android:name="com.stcodesapp.noteit.common.CustomApplication"
29-->src/main/AndroidManifest.xml:17:9-70
30        android:allowBackup="true"
30-->src/main/AndroidManifest.xml:18:9-35
31        android:appComponentFactory="android.support.v4.app.CoreComponentFactory"
31-->[com.android.support:support-compat:28.0.0] AndroidManifest.xml:22:18-91
32        android:icon="@mipmap/ic_launcher"
32-->src/main/AndroidManifest.xml:19:9-43
33        android:label="@string/app_name"
33-->src/main/AndroidManifest.xml:20:9-41
34        android:roundIcon="@mipmap/ic_launcher_round"
34-->src/main/AndroidManifest.xml:21:9-54
35        android:supportsRtl="true"
35-->src/main/AndroidManifest.xml:22:9-35
36        android:theme="@style/AppTheme" >
36-->src/main/AndroidManifest.xml:23:9-40
37        <activity
37-->src/main/AndroidManifest.xml:24:9-26:61
38            android:name="com.stcodesapp.noteit.ui.activities.ManualEmailActivity"
38-->src/main/AndroidManifest.xml:24:19-68
39            android:screenOrientation="portrait"
39-->src/main/AndroidManifest.xml:26:13-49
40            android:windowSoftInputMode="adjustResize" />
40-->src/main/AndroidManifest.xml:25:13-55
41        <activity
41-->src/main/AndroidManifest.xml:27:9-30:61
42            android:name="com.stcodesapp.noteit.ui.activities.ManualContactActivity"
42-->src/main/AndroidManifest.xml:28:13-64
43            android:screenOrientation="portrait"
43-->src/main/AndroidManifest.xml:30:13-49
44            android:windowSoftInputMode="adjustResize" />
44-->src/main/AndroidManifest.xml:29:13-55
45        <activity
45-->src/main/AndroidManifest.xml:31:9-35:20
46            android:name="com.stcodesapp.noteit.ui.activities.NoteFieldActivity"
46-->src/main/AndroidManifest.xml:32:13-60
47            android:screenOrientation="portrait"
47-->src/main/AndroidManifest.xml:34:13-49
48            android:windowSoftInputMode="stateHidden" >
48-->src/main/AndroidManifest.xml:33:13-54
49        </activity>
50        <activity
50-->src/main/AndroidManifest.xml:38:9-41:71
51            android:name="com.stcodesapp.noteit.ui.activities.CheckListActivity"
51-->src/main/AndroidManifest.xml:39:13-60
52            android:screenOrientation="portrait"
52-->src/main/AndroidManifest.xml:40:13-49
53            android:windowSoftInputMode="stateVisible|adjustResize" />
53-->src/main/AndroidManifest.xml:41:13-68
54        <activity
54-->src/main/AndroidManifest.xml:43:9-47:15
55            android:name="com.stcodesapp.noteit.ui.activities.PrivacyPolicyActivity"
55-->src/main/AndroidManifest.xml:44:13-64
56            android:screenOrientation="portrait"
56-->src/main/AndroidManifest.xml:46:13-49
57            android:theme="@style/AppTheme.Transparent" />
57-->src/main/AndroidManifest.xml:45:13-56
58        <activity
58-->src/main/AndroidManifest.xml:48:9-52:15
59            android:name="com.stcodesapp.noteit.ui.activities.InAppPurchaseActivity"
59-->src/main/AndroidManifest.xml:49:13-64
60            android:screenOrientation="portrait"
60-->src/main/AndroidManifest.xml:51:13-49
61            android:theme="@style/AppTheme.Transparent" />
61-->src/main/AndroidManifest.xml:50:13-56
62        <activity
62-->src/main/AndroidManifest.xml:53:9-62:20
63            android:name="com.stcodesapp.noteit.ui.activities.MainActivity"
63-->src/main/AndroidManifest.xml:54:13-55
64            android:screenOrientation="portrait"
64-->src/main/AndroidManifest.xml:56:13-49
65            android:theme="@style/AppTheme.TransparentActionBar" >
65-->src/main/AndroidManifest.xml:55:13-65
66            <intent-filter>
66-->src/main/AndroidManifest.xml:57:13-61:29
67                <action android:name="android.intent.action.MAIN" />
67-->src/main/AndroidManifest.xml:58:17-69
67-->src/main/AndroidManifest.xml:58:25-66
68
69                <category android:name="android.intent.category.LAUNCHER" />
69-->src/main/AndroidManifest.xml:60:17-77
69-->src/main/AndroidManifest.xml:60:27-74
70            </intent-filter>
71        </activity>
72
73        <provider
74            android:name="android.support.v4.content.FileProvider"
74-->src/main/AndroidManifest.xml:65:13-67
75            android:authorities="com.stcodesapp.noteit.provider"
75-->src/main/AndroidManifest.xml:66:13-60
76            android:exported="false"
76-->src/main/AndroidManifest.xml:67:13-37
77            android:grantUriPermissions="true" >
77-->src/main/AndroidManifest.xml:68:13-47
78            <meta-data
78-->src/main/AndroidManifest.xml:69:13-71:58
79                android:name="android.support.FILE_PROVIDER_PATHS"
79-->src/main/AndroidManifest.xml:70:17-67
80                android:resource="@xml/provider_paths" />
80-->src/main/AndroidManifest.xml:71:17-55
81        </provider>
82
83        <meta-data
83-->src/main/AndroidManifest.xml:73:9-75:72
84            android:name="io.fabric.ApiKey"
84-->src/main/AndroidManifest.xml:74:13-44
85            android:value="54ef3251610aae18b3915503cdd2ff250fdebb52" />
85-->src/main/AndroidManifest.xml:75:13-69
86
87        <activity
87-->[com.android.billingclient:billing:1.2] AndroidManifest.xml:13:9-16:75
88            android:name="com.android.billingclient.api.ProxyBillingActivity"
88-->[com.android.billingclient:billing:1.2] AndroidManifest.xml:14:13-78
89            android:configChanges="keyboard|keyboardHidden|screenLayout|screenSize|orientation"
89-->[com.android.billingclient:billing:1.2] AndroidManifest.xml:15:13-96
90            android:theme="@android:style/Theme.Translucent.NoTitleBar" />
90-->[com.android.billingclient:billing:1.2] AndroidManifest.xml:16:13-72
91
92        <provider
92-->[com.crashlytics.sdk.android:crashlytics:2.9.9] AndroidManifest.xml:12:9-16:38
93            android:name="com.crashlytics.android.CrashlyticsInitProvider"
93-->[com.crashlytics.sdk.android:crashlytics:2.9.9] AndroidManifest.xml:13:13-75
94            android:authorities="com.stcodesapp.noteit.crashlyticsinitprovider"
94-->[com.crashlytics.sdk.android:crashlytics:2.9.9] AndroidManifest.xml:14:13-75
95            android:exported="false"
95-->[com.crashlytics.sdk.android:crashlytics:2.9.9] AndroidManifest.xml:15:13-37
96            android:initOrder="90" />
96-->[com.crashlytics.sdk.android:crashlytics:2.9.9] AndroidManifest.xml:16:13-35
97
98        <activity
98-->[com.google.android.gms:play-services-auth:15.0.0] AndroidManifest.xml:23:9-27:75
99            android:name="com.google.android.gms.auth.api.signin.internal.SignInHubActivity"
99-->[com.google.android.gms:play-services-auth:15.0.0] AndroidManifest.xml:24:13-93
100            android:excludeFromRecents="true"
100-->[com.google.android.gms:play-services-auth:15.0.0] AndroidManifest.xml:25:13-46
101            android:exported="false"
101-->[com.google.android.gms:play-services-auth:15.0.0] AndroidManifest.xml:26:13-37
102            android:theme="@android:style/Theme.Translucent.NoTitleBar" />
102-->[com.google.android.gms:play-services-auth:15.0.0] AndroidManifest.xml:27:13-72
103        <!--
104            Service handling Google Sign-In user revocation. For apps that do not integrate with
105            Google Sign-In, this service will never be started.
106        -->
107        <service
107-->[com.google.android.gms:play-services-auth:15.0.0] AndroidManifest.xml:33:9-36:110
108            android:name="com.google.android.gms.auth.api.signin.RevocationBoundService"
108-->[com.google.android.gms:play-services-auth:15.0.0] AndroidManifest.xml:34:13-89
109            android:exported="true"
109-->[com.google.android.gms:play-services-auth:15.0.0] AndroidManifest.xml:35:13-36
110            android:permission="com.google.android.gms.auth.api.signin.permission.REVOCATION_NOTIFICATION" /> <!-- Include the AdActivity and InAppPurchaseActivity configChanges and themes. -->
110-->[com.google.android.gms:play-services-auth:15.0.0] AndroidManifest.xml:36:13-107
111        <activity
111-->[com.google.android.gms:play-services-ads-lite:15.0.0] AndroidManifest.xml:29:9-33:64
112            android:name="com.google.android.gms.ads.AdActivity"
112-->[com.google.android.gms:play-services-ads-lite:15.0.0] AndroidManifest.xml:30:13-65
113            android:configChanges="keyboard|keyboardHidden|orientation|screenLayout|uiMode|screenSize|smallestScreenSize"
113-->[com.google.android.gms:play-services-ads-lite:15.0.0] AndroidManifest.xml:31:13-122
114            android:exported="false"
114-->[com.google.android.gms:play-services-ads-lite:15.0.0] AndroidManifest.xml:32:13-37
115            android:theme="@android:style/Theme.Translucent" />
115-->[com.google.android.gms:play-services-ads-lite:15.0.0] AndroidManifest.xml:33:13-61
116
117        <service
117-->[com.google.firebase:firebase-measurement-connector-impl:17.0.5] AndroidManifest.xml:27:9-31:19
118            android:name="com.google.firebase.components.ComponentDiscoveryService"
118-->[com.google.firebase:firebase-measurement-connector-impl:17.0.5] AndroidManifest.xml:27:18-89
119            android:exported="false" >
119-->[com.google.firebase:firebase-iid:17.0.3] AndroidManifest.xml:31:13-37
120            <meta-data
120-->[com.google.firebase:firebase-measurement-connector-impl:17.0.5] AndroidManifest.xml:28:13-30:85
121                android:name="com.google.firebase.components:com.google.firebase.analytics.connector.internal.AnalyticsConnectorRegistrar"
121-->[com.google.firebase:firebase-measurement-connector-impl:17.0.5] AndroidManifest.xml:29:17-139
122                android:value="com.google.firebase.components.ComponentRegistrar" />
122-->[com.google.firebase:firebase-measurement-connector-impl:17.0.5] AndroidManifest.xml:30:17-82
123            <meta-data
123-->[com.google.firebase:firebase-iid:17.0.3] AndroidManifest.xml:32:13-34:85
124                android:name="com.google.firebase.components:com.google.firebase.iid.Registrar"
124-->[com.google.firebase:firebase-iid:17.0.3] AndroidManifest.xml:33:17-96
125                android:value="com.google.firebase.components.ComponentRegistrar" />
125-->[com.google.firebase:firebase-iid:17.0.3] AndroidManifest.xml:34:17-82
126        </service>
127
128        <receiver
128-->[com.google.firebase:firebase-analytics:16.3.0] AndroidManifest.xml:29:9-33:20
129            android:name="com.google.android.gms.measurement.AppMeasurementReceiver"
129-->[com.google.firebase:firebase-analytics:16.3.0] AndroidManifest.xml:30:13-85
130            android:enabled="true"
130-->[com.google.firebase:firebase-analytics:16.3.0] AndroidManifest.xml:31:13-35
131            android:exported="false" >
131-->[com.google.firebase:firebase-analytics:16.3.0] AndroidManifest.xml:32:13-37
132        </receiver>
133        <receiver
133-->[com.google.firebase:firebase-analytics:16.3.0] AndroidManifest.xml:34:9-42:20
134            android:name="com.google.android.gms.measurement.AppMeasurementInstallReferrerReceiver"
134-->[com.google.firebase:firebase-analytics:16.3.0] AndroidManifest.xml:35:13-100
135            android:enabled="true"
135-->[com.google.firebase:firebase-analytics:16.3.0] AndroidManifest.xml:36:13-35
136            android:exported="true"
136-->[com.google.firebase:firebase-analytics:16.3.0] AndroidManifest.xml:37:13-36
137            android:permission="android.permission.INSTALL_PACKAGES" >
137-->[com.google.firebase:firebase-analytics:16.3.0] AndroidManifest.xml:38:13-69
138            <intent-filter>
138-->[com.google.firebase:firebase-analytics:16.3.0] AndroidManifest.xml:39:13-41:29
139                <action android:name="com.android.vending.INSTALL_REFERRER" />
139-->[com.google.firebase:firebase-analytics:16.3.0] AndroidManifest.xml:40:17-79
139-->[com.google.firebase:firebase-analytics:16.3.0] AndroidManifest.xml:40:25-76
140            </intent-filter>
141        </receiver>
142
143        <service
143-->[com.google.firebase:firebase-analytics:16.3.0] AndroidManifest.xml:44:9-47:40
144            android:name="com.google.android.gms.measurement.AppMeasurementService"
144-->[com.google.firebase:firebase-analytics:16.3.0] AndroidManifest.xml:45:13-84
145            android:enabled="true"
145-->[com.google.firebase:firebase-analytics:16.3.0] AndroidManifest.xml:46:13-35
146            android:exported="false" />
146-->[com.google.firebase:firebase-analytics:16.3.0] AndroidManifest.xml:47:13-37
147        <service
147-->[com.google.firebase:firebase-analytics:16.3.0] AndroidManifest.xml:48:9-52:72
148            android:name="com.google.android.gms.measurement.AppMeasurementJobService"
148-->[com.google.firebase:firebase-analytics:16.3.0] AndroidManifest.xml:49:13-87
149            android:enabled="true"
149-->[com.google.firebase:firebase-analytics:16.3.0] AndroidManifest.xml:50:13-35
150            android:exported="false"
150-->[com.google.firebase:firebase-analytics:16.3.0] AndroidManifest.xml:51:13-37
151            android:permission="android.permission.BIND_JOB_SERVICE" />
151-->[com.google.firebase:firebase-analytics:16.3.0] AndroidManifest.xml:52:13-69
152
153        <receiver
153-->[com.google.firebase:firebase-iid:17.0.3] AndroidManifest.xml:37:9-44:20
154            android:name="com.google.firebase.iid.FirebaseInstanceIdReceiver"
154-->[com.google.firebase:firebase-iid:17.0.3] AndroidManifest.xml:38:13-78
155            android:exported="true"
155-->[com.google.firebase:firebase-iid:17.0.3] AndroidManifest.xml:39:13-36
156            android:permission="com.google.android.c2dm.permission.SEND" >
156-->[com.google.firebase:firebase-iid:17.0.3] AndroidManifest.xml:40:13-73
157            <intent-filter>
157-->[com.google.firebase:firebase-iid:17.0.3] AndroidManifest.xml:41:13-43:29
158                <action android:name="com.google.android.c2dm.intent.RECEIVE" />
158-->[com.google.firebase:firebase-iid:17.0.3] AndroidManifest.xml:42:17-81
158-->[com.google.firebase:firebase-iid:17.0.3] AndroidManifest.xml:42:25-78
159            </intent-filter>
160        </receiver>
161        <!--
162             FirebaseInstanceIdService performs security checks at runtime,
163             no need for explicit permissions despite exported="true"
164        -->
165        <service
165-->[com.google.firebase:firebase-iid:17.0.3] AndroidManifest.xml:50:9-56:19
166            android:name="com.google.firebase.iid.FirebaseInstanceIdService"
166-->[com.google.firebase:firebase-iid:17.0.3] AndroidManifest.xml:51:13-77
167            android:exported="true" >
167-->[com.google.firebase:firebase-iid:17.0.3] AndroidManifest.xml:52:13-36
168            <intent-filter android:priority="-500" >
168-->[com.google.firebase:firebase-iid:17.0.3] AndroidManifest.xml:53:13-55:29
168-->[com.google.firebase:firebase-iid:17.0.3] AndroidManifest.xml:53:28-51
169                <action android:name="com.google.firebase.INSTANCE_ID_EVENT" />
169-->[com.google.firebase:firebase-iid:17.0.3] AndroidManifest.xml:54:17-80
169-->[com.google.firebase:firebase-iid:17.0.3] AndroidManifest.xml:54:25-77
170            </intent-filter>
171        </service>
172
173        <activity
173-->[com.google.android.gms:play-services-base:16.0.1] AndroidManifest.xml:23:9-26:75
174            android:name="com.google.android.gms.common.api.GoogleApiActivity"
174-->[com.google.android.gms:play-services-base:16.0.1] AndroidManifest.xml:24:13-79
175            android:exported="false"
175-->[com.google.android.gms:play-services-base:16.0.1] AndroidManifest.xml:25:13-37
176            android:theme="@android:style/Theme.Translucent.NoTitleBar" />
176-->[com.google.android.gms:play-services-base:16.0.1] AndroidManifest.xml:26:13-72
177
178        <provider
178-->[com.google.firebase:firebase-common:16.0.3] AndroidManifest.xml:10:9-14:39
179            android:name="com.google.firebase.provider.FirebaseInitProvider"
179-->[com.google.firebase:firebase-common:16.0.3] AndroidManifest.xml:11:13-77
180            android:authorities="com.stcodesapp.noteit.firebaseinitprovider"
180-->[com.google.firebase:firebase-common:16.0.3] AndroidManifest.xml:12:13-72
181            android:exported="false"
181-->[com.google.firebase:firebase-common:16.0.3] AndroidManifest.xml:13:13-37
182            android:initOrder="100" />
182-->[com.google.firebase:firebase-common:16.0.3] AndroidManifest.xml:14:13-36
183
184        <meta-data
184-->[com.google.android.gms:play-services-basement:16.0.1] AndroidManifest.xml:23:9-25:69
185            android:name="com.google.android.gms.version"
185-->[com.google.android.gms:play-services-basement:16.0.1] AndroidManifest.xml:24:13-58
186            android:value="@integer/google_play_services_version" />
186-->[com.google.android.gms:play-services-basement:16.0.1] AndroidManifest.xml:25:13-66
187        <meta-data
187-->[com.android.support:support-v4:26.1.0] AndroidManifest.xml:26:9-28:38
188            android:name="android.support.VERSION"
188-->[com.android.support:support-v4:26.1.0] AndroidManifest.xml:27:13-51
189            android:value="26.1.0" />
189-->[com.android.support:support-v4:26.1.0] AndroidManifest.xml:28:13-35
190    </application>
191
192</manifest>